<?xml version="1.0" encoding="UTF-8"?>
<!-- Generated by org.testng.reporters.JUnitXMLReporter -->
<testsuite ignored="0" hostname="pradeep-Lenovo-U41-70" failures="0" tests="8" name="Test Maven" time="0.042" errors="0" timestamp="07 Apr 2019 10:56:43 GMT">
  <testcase classname="Test.Test.AppTest" name="first" time="0.007"/>
  <testcase classname="Test.Test.AppTest" name="fourth" time="0.0"/>
  <testcase classname="Test.Test.AppTest" name="sec" time="0.0"/>
  <testcase classname="Test.Test.AppTest" name="third" time="0.0"/>
  <testcase classname="Test.Test.UnitTest" name="first" time="0.0"/>
  <testcase classname="Test.Test.UnitTest" name="fourth" time="0.0"/>
  <testcase classname="Test.Test.UnitTest" name="sec" time="0.001"/>
  <testcase classname="Test.Test.UnitTest" name="third" time="0.0"/>
</testsuite> <!-- Test Maven -->
