<?xml version="1.0" encoding="UTF-8"?>
<testng-results ignored="0" total="8" passed="8" failed="0" skipped="0">
  <reporter-output>
  </reporter-output>
  <suite started-at="2019-04-07T10:56:42Z" name="LearnMaven" finished-at="2019-04-07T10:56:43Z" duration-ms="42">
    <groups>
    </groups>
    <test started-at="2019-04-07T10:56:42Z" name="Test Maven" finished-at="2019-04-07T10:56:43Z" duration-ms="42">
      <class name="Test.Test.AppTest">
        <test-method signature="first()[pri:0, instance:Test.Test.AppTest@1b7cc17c]" started-at="2019-04-07T10:56:42Z" name="first" finished-at="2019-04-07T10:56:42Z" duration-ms="7" status="PASS">
          <reporter-output>
          </reporter-output>
        </test-method> <!-- first -->
        <test-method signature="fourth()[pri:0, instance:Test.Test.AppTest@1b7cc17c]" started-at="2019-04-07T10:56:42Z" name="fourth" finished-at="2019-04-07T10:56:42Z" duration-ms="0" status="PASS">
          <reporter-output>
          </reporter-output>
        </test-method> <!-- fourth -->
        <test-method signature="sec()[pri:0, instance:Test.Test.AppTest@1b7cc17c]" started-at="2019-04-07T10:56:42Z" name="sec" finished-at="2019-04-07T10:56:42Z" duration-ms="0" status="PASS">
          <reporter-output>
          </reporter-output>
        </test-method> <!-- sec -->
        <test-method signature="third()[pri:0, instance:Test.Test.AppTest@1b7cc17c]" started-at="2019-04-07T10:56:42Z" name="third" finished-at="2019-04-07T10:56:42Z" duration-ms="0" status="PASS">
          <reporter-output>
          </reporter-output>
        </test-method> <!-- third -->
      </class> <!-- Test.Test.AppTest -->
      <class name="Test.Test.UnitTest">
        <test-method signature="first()[pri:0, instance:Test.Test.UnitTest@59662a0b]" started-at="2019-04-07T10:56:43Z" name="first" finished-at="2019-04-07T10:56:43Z" duration-ms="0" status="PASS">
          <reporter-output>
          </reporter-output>
        </test-method> <!-- first -->
        <test-method signature="fourth()[pri:0, instance:Test.Test.UnitTest@59662a0b]" started-at="2019-04-07T10:56:43Z" name="fourth" finished-at="2019-04-07T10:56:43Z" duration-ms="0" status="PASS">
          <reporter-output>
          </reporter-output>
        </test-method> <!-- fourth -->
        <test-method signature="sec()[pri:0, instance:Test.Test.UnitTest@59662a0b]" started-at="2019-04-07T10:56:43Z" name="sec" finished-at="2019-04-07T10:56:43Z" duration-ms="1" status="PASS">
          <reporter-output>
          </reporter-output>
        </test-method> <!-- sec -->
        <test-method signature="third()[pri:0, instance:Test.Test.UnitTest@59662a0b]" started-at="2019-04-07T10:56:43Z" name="third" finished-at="2019-04-07T10:56:43Z" duration-ms="0" status="PASS">
          <reporter-output>
          </reporter-output>
        </test-method> <!-- third -->
      </class> <!-- Test.Test.UnitTest -->
    </test> <!-- Test Maven -->
  </suite> <!-- LearnMaven -->
</testng-results>
